<?xml version="1.0" encoding="UTF-8"?>
<testng-results ignored="0" total="1" passed="1" failed="0" skipped="0">
  <reporter-output>
  </reporter-output>
  <suite started-at="2023-03-01T12:41:11Z" name="Default suite" finished-at="2023-03-01T12:41:12Z" duration-ms="909">
    <groups>
    </groups>
    <test started-at="2023-03-01T12:41:11Z" name="Default test" finished-at="2023-03-01T12:41:12Z" duration-ms="909">
      <class name="dataDriven.excel">
        <test-method signature="getExcel()[pri:0, instance:dataDriven.excel@479460a6]" started-at="2023-03-01T12:41:12Z" name="getExcel" finished-at="2023-03-01T12:41:12Z" duration-ms="869" status="PASS">
          <reporter-output>
          </reporter-output>
        </test-method> <!-- getExcel -->
      </class> <!-- dataDriven.excel -->
    </test> <!-- Default test -->
  </suite> <!-- Default suite -->
</testng-results>
